This is pdfTeX, Version 3.141592653-2.6-1.40.25 (TeX Live 2023) (preloaded format=pdflatex 2023.9.28)  2 JAN 2025 17:56
entering extended mode
 restricted \write18 enabled.
 %&-line parsing enabled.
**BEX2223.tex
(./BEX2223.tex
LaTeX2e <2022-11-01> patch level 1
L3 programming layer <2023-02-22> (/usr/local/texlive/2023/texmf-dist/tex/latex
/base/article.cls
Document Class: article 2022/07/02 v1.4n Standard LaTeX document class
(/usr/local/texlive/2023/texmf-dist/tex/latex/base/size10.clo
File: size10.clo 2022/07/02 v1.4n Standard LaTeX file (size option)
)
\c@part=\count185
\c@section=\count186
\c@subsection=\count187
\c@subsubsection=\count188
\c@paragraph=\count189
\c@subparagraph=\count190
\c@figure=\count191
\c@table=\count192
\abovecaptionskip=\skip48
\belowcaptionskip=\skip49
\bibindent=\dimen140
) (/usr/local/texlive/2023/texmf-dist/tex/latex/amsmath/amsmath.sty
Package: amsmath 2022/04/08 v2.17n AMS math features
\@mathmargin=\skip50
For additional information on amsmath, use the `?' option.
(/usr/local/texlive/2023/texmf-dist/tex/latex/amsmath/amstext.sty
Package: amstext 2021/08/26 v2.01 AMS text
(/usr/local/texlive/2023/texmf-dist/tex/latex/amsmath/amsgen.sty
File: amsgen.sty 1999/11/30 v2.0 generic functions
\@emptytoks=\toks16
\ex@=\dimen141
)) (/usr/local/texlive/2023/texmf-dist/tex/latex/amsmath/amsbsy.sty
Package: amsbsy 1999/11/29 v1.2d Bold Symbols
\pmbraise@=\dimen142
) (/usr/local/texlive/2023/texmf-dist/tex/latex/amsmath/amsopn.sty
Package: amsopn 2022/04/08 v2.04 operator names
)
\inf@bad=\count193
LaTeX Info: Redefining \frac on input line 234.
\uproot@=\count194
\leftroot@=\count195
LaTeX Info: Redefining \overline on input line 399.
LaTeX Info: Redefining \colon on input line 410.
\classnum@=\count196
\DOTSCASE@=\count197
LaTeX Info: Redefining \ldots on input line 496.
LaTeX Info: Redefining \dots on input line 499.
LaTeX Info: Redefining \cdots on input line 620.
\Mathstrutbox@=\box51
\strutbox@=\box52
LaTeX Info: Redefining \big on input line 722.
LaTeX Info: Redefining \Big on input line 723.
LaTeX Info: Redefining \bigg on input line 724.
LaTeX Info: Redefining \Bigg on input line 725.
\big@size=\dimen143
LaTeX Font Info:    Redeclaring font encoding OML on input line 743.
LaTeX Font Info:    Redeclaring font encoding OMS on input line 744.
\macc@depth=\count198
LaTeX Info: Redefining \bmod on input line 905.
LaTeX Info: Redefining \pmod on input line 910.
LaTeX Info: Redefining \smash on input line 940.
LaTeX Info: Redefining \relbar on input line 970.
LaTeX Info: Redefining \Relbar on input line 971.
\c@MaxMatrixCols=\count199
\dotsspace@=\muskip16
\c@parentequation=\count266
\dspbrk@lvl=\count267
\tag@help=\toks17
\row@=\count268
\column@=\count269
\maxfields@=\count270
\andhelp@=\toks18
\eqnshift@=\dimen144
\alignsep@=\dimen145
\tagshift@=\dimen146
\tagwidth@=\dimen147
\totwidth@=\dimen148
\lineht@=\dimen149
\@envbody=\toks19
\multlinegap=\skip51
\multlinetaggap=\skip52
\mathdisplay@stack=\toks20
LaTeX Info: Redefining \[ on input line 2953.
LaTeX Info: Redefining \] on input line 2954.
) (/usr/local/texlive/2023/texmf-dist/tex/latex/amsfonts/amssymb.sty
Package: amssymb 2013/01/14 v3.01 AMS font symbols
(/usr/local/texlive/2023/texmf-dist/tex/latex/amsfonts/amsfonts.sty
Package: amsfonts 2013/01/14 v3.01 Basic AMSFonts support
\symAMSa=\mathgroup4
\symAMSb=\mathgroup5
LaTeX Font Info:    Redeclaring math symbol \hbar on input line 98.
LaTeX Font Info:    Overwriting math alphabet `\mathfrak' in version `bold'
(Font)                  U/euf/m/n --> U/euf/b/n on input line 106.
)) (/usr/local/texlive/2023/texmf-dist/tex/latex/lm/lmodern.sty
Package: lmodern 2015/05/01 v1.6.1 Latin Modern Fonts
LaTeX Font Info:    Overwriting symbol font `operators' in version `normal'
(Font)                  OT1/cmr/m/n --> OT1/lmr/m/n on input line 22.
LaTeX Font Info:    Overwriting symbol font `letters' in version `normal'
(Font)                  OML/cmm/m/it --> OML/lmm/m/it on input line 23.
LaTeX Font Info:    Overwriting symbol font `symbols' in version `normal'
(Font)                  OMS/cmsy/m/n --> OMS/lmsy/m/n on input line 24.
LaTeX Font Info:    Overwriting symbol font `largesymbols' in version `normal'
(Font)                  OMX/cmex/m/n --> OMX/lmex/m/n on input line 25.
LaTeX Font Info:    Overwriting symbol font `operators' in version `bold'
(Font)                  OT1/cmr/bx/n --> OT1/lmr/bx/n on input line 26.
LaTeX Font Info:    Overwriting symbol font `letters' in version `bold'
(Font)                  OML/cmm/b/it --> OML/lmm/b/it on input line 27.
LaTeX Font Info:    Overwriting symbol font `symbols' in version `bold'
(Font)                  OMS/cmsy/b/n --> OMS/lmsy/b/n on input line 28.
LaTeX Font Info:    Overwriting symbol font `largesymbols' in version `bold'
(Font)                  OMX/cmex/m/n --> OMX/lmex/m/n on input line 29.
LaTeX Font Info:    Overwriting math alphabet `\mathbf' in version `normal'
(Font)                  OT1/cmr/bx/n --> OT1/lmr/bx/n on input line 31.
LaTeX Font Info:    Overwriting math alphabet `\mathsf' in version `normal'
(Font)                  OT1/cmss/m/n --> OT1/lmss/m/n on input line 32.
LaTeX Font Info:    Overwriting math alphabet `\mathit' in version `normal'
(Font)                  OT1/cmr/m/it --> OT1/lmr/m/it on input line 33.
LaTeX Font Info:    Overwriting math alphabet `\mathtt' in version `normal'
(Font)                  OT1/cmtt/m/n --> OT1/lmtt/m/n on input line 34.
LaTeX Font Info:    Overwriting math alphabet `\mathbf' in version `bold'
(Font)                  OT1/cmr/bx/n --> OT1/lmr/bx/n on input line 35.
LaTeX Font Info:    Overwriting math alphabet `\mathsf' in version `bold'
(Font)                  OT1/cmss/bx/n --> OT1/lmss/bx/n on input line 36.
LaTeX Font Info:    Overwriting math alphabet `\mathit' in version `bold'
(Font)                  OT1/cmr/bx/it --> OT1/lmr/bx/it on input line 37.
LaTeX Font Info:    Overwriting math alphabet `\mathtt' in version `bold'
(Font)                  OT1/cmtt/m/n --> OT1/lmtt/m/n on input line 38.
) (/usr/local/texlive/2023/texmf-dist/tex/generic/iftex/iftex.sty
Package: iftex 2022/02/03 v1.0f TeX engine tests
) (/usr/local/texlive/2023/texmf-dist/tex/latex/base/fontenc.sty
Package: fontenc 2021/04/29 v2.0v Standard LaTeX package
LaTeX Font Info:    Trying to load font information for T1+lmr on input line 11
2.
(/usr/local/texlive/2023/texmf-dist/tex/latex/lm/t1lmr.fd
File: t1lmr.fd 2015/05/01 v1.6.1 Font defs for Latin Modern
)) (/usr/local/texlive/2023/texmf-dist/tex/latex/base/inputenc.sty
Package: inputenc 2021/02/14 v1.3d Input encoding file
\inpenc@prehook=\toks21
\inpenc@posthook=\toks22
) (/usr/local/texlive/2023/texmf-dist/tex/latex/base/textcomp.sty
Package: textcomp 2020/02/02 v2.0n Standard LaTeX package
) (/usr/local/texlive/2023/texmf-dist/tex/latex/upquote/upquote.sty
Package: upquote 2012/04/19 v1.3 upright-quote and grave-accent glyphs in verba
tim
) (/usr/local/texlive/2023/texmf-dist/tex/latex/microtype/microtype.sty
Package: microtype 2023/03/13 v3.1a Micro-typographical refinements (RS)
(/usr/local/texlive/2023/texmf-dist/tex/latex/graphics/keyval.sty
Package: keyval 2022/05/29 v1.15 key=value parser (DPC)
\KV@toks@=\toks23
) (/usr/local/texlive/2023/texmf-dist/tex/latex/etoolbox/etoolbox.sty
Package: etoolbox 2020/10/05 v2.5k e-TeX tools for LaTeX (JAW)
\etb@tempcnta=\count271
)
\MT@toks=\toks24
\MT@tempbox=\box53
\MT@count=\count272
LaTeX Info: Redefining \noprotrusionifhmode on input line 1059.
LaTeX Info: Redefining \leftprotrusion on input line 1060.
\MT@prot@toks=\toks25
LaTeX Info: Redefining \rightprotrusion on input line 1078.
LaTeX Info: Redefining \textls on input line 1368.
\MT@outer@kern=\dimen150
LaTeX Info: Redefining \textmicrotypecontext on input line 1988.
\MT@listname@count=\count273
(/usr/local/texlive/2023/texmf-dist/tex/latex/microtype/microtype-pdftex.def
File: microtype-pdftex.def 2023/03/13 v3.1a Definitions specific to pdftex (RS)

LaTeX Info: Redefining \lsstyle on input line 902.
LaTeX Info: Redefining \lslig on input line 902.
\MT@outer@space=\skip53
)
Package microtype Info: Loading configuration file microtype.cfg.
(/usr/local/texlive/2023/texmf-dist/tex/latex/microtype/microtype.cfg
File: microtype.cfg 2023/03/13 v3.1a microtype main configuration file (RS)
)) (/usr/local/texlive/2023/texmf-dist/tex/latex/parskip/parskip.sty
Package: parskip 2021-03-14 v2.0h non-zero parskip adjustments
(/usr/local/texlive/2023/texmf-dist/tex/latex/kvoptions/kvoptions.sty
Package: kvoptions 2022-06-15 v3.15 Key value format for package options (HO)
(/usr/local/texlive/2023/texmf-dist/tex/generic/ltxcmds/ltxcmds.sty
Package: ltxcmds 2020-05-10 v1.25 LaTeX kernel commands for general use (HO)
) (/usr/local/texlive/2023/texmf-dist/tex/latex/kvsetkeys/kvsetkeys.sty
Package: kvsetkeys 2022-10-05 v1.19 Key value parser (HO)
))) (/usr/local/texlive/2023/texmf-dist/tex/latex/xcolor/xcolor.sty
Package: xcolor 2022/06/12 v2.14 LaTeX color extensions (UK)
(/usr/local/texlive/2023/texmf-dist/tex/latex/graphics-cfg/color.cfg
File: color.cfg 2016/01/02 v1.6 sample color configuration
)
Package xcolor Info: Driver file: pdftex.def on input line 227.
(/usr/local/texlive/2023/texmf-dist/tex/latex/graphics-def/pdftex.def
File: pdftex.def 2022/09/22 v1.2b Graphics/color driver for pdftex
) (/usr/local/texlive/2023/texmf-dist/tex/latex/graphics/mathcolor.ltx)
Package xcolor Info: Model `cmy' substituted by `cmy0' on input line 1353.
Package xcolor Info: Model `hsb' substituted by `rgb' on input line 1357.
Package xcolor Info: Model `RGB' extended on input line 1369.
Package xcolor Info: Model `HTML' substituted by `rgb' on input line 1371.
Package xcolor Info: Model `Hsb' substituted by `hsb' on input line 1372.
Package xcolor Info: Model `tHsb' substituted by `hsb' on input line 1373.
Package xcolor Info: Model `HSB' substituted by `hsb' on input line 1374.
Package xcolor Info: Model `Gray' substituted by `gray' on input line 1375.
Package xcolor Info: Model `wave' substituted by `hsb' on input line 1376.
) (/usr/local/texlive/2023/texmf-dist/tex/latex/xurl/xurl.sty
Package: xurl 2022/01/09 v 0.10 modify URL breaks
(/usr/local/texlive/2023/texmf-dist/tex/latex/url/url.sty
\Urlmuskip=\muskip17
Package: url 2013/09/16  ver 3.4  Verb mode for urls, etc.
)) (/usr/local/texlive/2023/texmf-dist/tex/latex/bookmark/bookmark.sty
Package: bookmark 2020-11-06 v1.29 PDF bookmarks (HO)
(/usr/local/texlive/2023/texmf-dist/tex/latex/hyperref/hyperref.sty
Package: hyperref 2023-02-07 v7.00v Hypertext links for LaTeX
(/usr/local/texlive/2023/texmf-dist/tex/generic/pdftexcmds/pdftexcmds.sty
Package: pdftexcmds 2020-06-27 v0.33 Utility functions of pdfTeX for LuaTeX (HO
)
(/usr/local/texlive/2023/texmf-dist/tex/generic/infwarerr/infwarerr.sty
Package: infwarerr 2019/12/03 v1.5 Providing info/warning/error messages (HO)
)
Package pdftexcmds Info: \pdf@primitive is available.
Package pdftexcmds Info: \pdf@ifprimitive is available.
Package pdftexcmds Info: \pdfdraftmode found.
) (/usr/local/texlive/2023/texmf-dist/tex/generic/kvdefinekeys/kvdefinekeys.sty
Package: kvdefinekeys 2019-12-19 v1.6 Define keys (HO)
) (/usr/local/texlive/2023/texmf-dist/tex/generic/pdfescape/pdfescape.sty
Package: pdfescape 2019/12/09 v1.15 Implements pdfTeX's escape features (HO)
) (/usr/local/texlive/2023/texmf-dist/tex/latex/hycolor/hycolor.sty
Package: hycolor 2020-01-27 v1.10 Color options for hyperref/bookmark (HO)
) (/usr/local/texlive/2023/texmf-dist/tex/latex/letltxmacro/letltxmacro.sty
Package: letltxmacro 2019/12/03 v1.6 Let assignment for LaTeX macros (HO)
) (/usr/local/texlive/2023/texmf-dist/tex/latex/auxhook/auxhook.sty
Package: auxhook 2019-12-17 v1.6 Hooks for auxiliary files (HO)
) (/usr/local/texlive/2023/texmf-dist/tex/latex/hyperref/nameref.sty
Package: nameref 2022-05-17 v2.50 Cross-referencing by name of section
(/usr/local/texlive/2023/texmf-dist/tex/latex/refcount/refcount.sty
Package: refcount 2019/12/15 v3.6 Data extraction from label references (HO)
)
(/usr/local/texlive/2023/texmf-dist/tex/generic/gettitlestring/gettitlestring.s
ty
Package: gettitlestring 2019/12/15 v1.6 Cleanup title references (HO)
)
\c@section@level=\count274
)
\@linkdim=\dimen151
\Hy@linkcounter=\count275
\Hy@pagecounter=\count276
(/usr/local/texlive/2023/texmf-dist/tex/latex/hyperref/pd1enc.def
File: pd1enc.def 2023-02-07 v7.00v Hyperref: PDFDocEncoding definition (HO)
Now handling font encoding PD1 ...
... no UTF-8 mapping file for font encoding PD1
) (/usr/local/texlive/2023/texmf-dist/tex/generic/intcalc/intcalc.sty
Package: intcalc 2019/12/15 v1.3 Expandable calculations with integers (HO)
) (/usr/local/texlive/2023/texmf-dist/tex/generic/etexcmds/etexcmds.sty
Package: etexcmds 2019/12/15 v1.7 Avoid name clashes with e-TeX commands (HO)
)
\Hy@SavedSpaceFactor=\count277
(/usr/local/texlive/2023/texmf-dist/tex/latex/hyperref/puenc.def
File: puenc.def 2023-02-07 v7.00v Hyperref: PDF Unicode definition (HO)
Now handling font encoding PU ...
... no UTF-8 mapping file for font encoding PU
)
Package hyperref Info: Option `unicode' set `true' on input line 4060.
Package hyperref Info: Hyper figures OFF on input line 4177.
Package hyperref Info: Link nesting OFF on input line 4182.
Package hyperref Info: Hyper index ON on input line 4185.
Package hyperref Info: Plain pages OFF on input line 4192.
Package hyperref Info: Backreferencing OFF on input line 4197.
Package hyperref Info: Implicit mode ON; LaTeX internals redefined.
Package hyperref Info: Bookmarks ON on input line 4425.
\c@Hy@tempcnt=\count278
LaTeX Info: Redefining \url on input line 4763.
\XeTeXLinkMargin=\dimen152
(/usr/local/texlive/2023/texmf-dist/tex/generic/bitset/bitset.sty
Package: bitset 2019/12/09 v1.3 Handle bit-vector datatype (HO)
(/usr/local/texlive/2023/texmf-dist/tex/generic/bigintcalc/bigintcalc.sty
Package: bigintcalc 2019/12/15 v1.5 Expandable calculations on big integers (HO
)
))
\Fld@menulength=\count279
\Field@Width=\dimen153
\Fld@charsize=\dimen154
Package hyperref Info: Hyper figures OFF on input line 6042.
Package hyperref Info: Link nesting OFF on input line 6047.
Package hyperref Info: Hyper index ON on input line 6050.
Package hyperref Info: backreferencing OFF on input line 6057.
Package hyperref Info: Link coloring OFF on input line 6062.
Package hyperref Info: Link coloring with OCG OFF on input line 6067.
Package hyperref Info: PDF/A mode OFF on input line 6072.
(/usr/local/texlive/2023/texmf-dist/tex/latex/base/atbegshi-ltx.sty
Package: atbegshi-ltx 2021/01/10 v1.0c Emulation of the original atbegshi
package with kernel methods
)
\Hy@abspage=\count280
\c@Item=\count281
\c@Hfootnote=\count282
)
Package hyperref Info: Driver (autodetected): hpdftex.
(/usr/local/texlive/2023/texmf-dist/tex/latex/hyperref/hpdftex.def
File: hpdftex.def 2023-02-07 v7.00v Hyperref driver for pdfTeX
(/usr/local/texlive/2023/texmf-dist/tex/latex/base/atveryend-ltx.sty
Package: atveryend-ltx 2020/08/19 v1.0a Emulation of the original atveryend pac
kage
with kernel methods
)
\Fld@listcount=\count283
\c@bookmark@seq@number=\count284

(/usr/local/texlive/2023/texmf-dist/tex/latex/rerunfilecheck/rerunfilecheck.sty
Package: rerunfilecheck 2022-07-10 v1.10 Rerun checks for auxiliary files (HO)

(/usr/local/texlive/2023/texmf-dist/tex/generic/uniquecounter/uniquecounter.sty
Package: uniquecounter 2019/12/15 v1.4 Provide unlimited unique counter (HO)
)
Package uniquecounter Info: New unique counter `rerunfilecheck' on input line 2
85.
)
\Hy@SectionHShift=\skip54
) (/usr/local/texlive/2023/texmf-dist/tex/latex/bookmark/bkm-pdftex.def
File: bkm-pdftex.def 2020-11-06 v1.29 bookmark driver for pdfTeX (HO)
\BKM@id=\count285
)) (/usr/local/texlive/2023/texmf-dist/tex/latex/geometry/geometry.sty
Package: geometry 2020/01/02 v5.9 Page Geometry
(/usr/local/texlive/2023/texmf-dist/tex/generic/iftex/ifvtex.sty
Package: ifvtex 2019/10/25 v1.7 ifvtex legacy package. Use iftex instead.
)
\Gm@cnth=\count286
\Gm@cntv=\count287
\c@Gm@tempcnt=\count288
\Gm@bindingoffset=\dimen155
\Gm@wd@mp=\dimen156
\Gm@odd@mp=\dimen157
\Gm@even@mp=\dimen158
\Gm@layoutwidth=\dimen159
\Gm@layoutheight=\dimen160
\Gm@layouthoffset=\dimen161
\Gm@layoutvoffset=\dimen162
\Gm@dimlist=\toks26
) (/usr/local/texlive/2023/texmf-dist/tex/latex/tools/longtable.sty
Package: longtable 2021-09-01 v4.17 Multi-page Table package (DPC)
\LTleft=\skip55
\LTright=\skip56
\LTpre=\skip57
\LTpost=\skip58
\LTchunksize=\count289
\LTcapwidth=\dimen163
\LT@head=\box54
\LT@firsthead=\box55
\LT@foot=\box56
\LT@lastfoot=\box57
\LT@gbox=\box58
\LT@cols=\count290
\LT@rows=\count291
\c@LT@tables=\count292
\c@LT@chunks=\count293
\LT@p@ftn=\toks27
) (/usr/local/texlive/2023/texmf-dist/tex/latex/booktabs/booktabs.sty
Package: booktabs 2020/01/12 v1.61803398 Publication quality tables
\heavyrulewidth=\dimen164
\lightrulewidth=\dimen165
\cmidrulewidth=\dimen166
\belowrulesep=\dimen167
\belowbottomsep=\dimen168
\aboverulesep=\dimen169
\abovetopsep=\dimen170
\cmidrulesep=\dimen171
\cmidrulekern=\dimen172
\defaultaddspace=\dimen173
\@cmidla=\count294
\@cmidlb=\count295
\@aboverulesep=\dimen174
\@belowrulesep=\dimen175
\@thisruleclass=\count296
\@lastruleclass=\count297
\@thisrulewidth=\dimen176
) (/usr/local/texlive/2023/texmf-dist/tex/latex/tools/array.sty
Package: array 2022/09/04 v2.5g Tabular extension package (FMi)
\col@sep=\dimen177
\ar@mcellbox=\box59
\extrarowheight=\dimen178
\NC@list=\toks28
\extratabsurround=\skip59
\backup@length=\skip60
\ar@cellbox=\box60
) (/usr/local/texlive/2023/texmf-dist/tex/latex/tools/calc.sty
Package: calc 2017/05/25 v4.3 Infix arithmetic (KKT,FJ)
\calc@Acount=\count298
\calc@Bcount=\count299
\calc@Adimen=\dimen179
\calc@Bdimen=\dimen180
\calc@Askip=\skip61
\calc@Bskip=\skip62
LaTeX Info: Redefining \setlength on input line 80.
LaTeX Info: Redefining \addtolength on input line 81.
\calc@Ccount=\count300
\calc@Cskip=\skip63
) (/usr/local/texlive/2023/texmf-dist/tex/latex/footnotehyper/footnotehyper.sty
Package: footnotehyper 2021/08/13 v1.1e hyperref aware footnote.sty (JFB)
\FNH@notes=\box61
\FNH@width=\dimen181
\FNH@toks=\toks29
) (/usr/local/texlive/2023/texmf-dist/tex/latex/graphics/graphicx.sty
Package: graphicx 2021/09/16 v1.2d Enhanced LaTeX Graphics (DPC,SPQR)
(/usr/local/texlive/2023/texmf-dist/tex/latex/graphics/graphics.sty
Package: graphics 2022/03/10 v1.4e Standard LaTeX Graphics (DPC,SPQR)
(/usr/local/texlive/2023/texmf-dist/tex/latex/graphics/trig.sty
Package: trig 2021/08/11 v1.11 sin cos tan (DPC)
) (/usr/local/texlive/2023/texmf-dist/tex/latex/graphics-cfg/graphics.cfg
File: graphics.cfg 2016/06/04 v1.11 sample graphics configuration
)
Package graphics Info: Driver file: pdftex.def on input line 107.
)
\Gin@req@height=\dimen182
\Gin@req@width=\dimen183
) (/usr/local/texlive/2023/texmf-dist/tex/latex/base/fontenc.sty
Package: fontenc 2021/04/29 v2.0v Standard LaTeX package
) (/usr/local/texlive/2023/texmf-dist/tex/latex/underscore/underscore.sty
Package: underscore 2006/09/13
LaTeX Info: Redefining \_ on input line 42.
)
(/usr/local/texlive/2023/texmf-dist/tex/latex/newunicodechar/newunicodechar.sty
Package: newunicodechar 2018/04/08 v1.2 Defining Unicode characters
) (/usr/local/texlive/2023/texmf-dist/tex/latex/l3backend/l3backend-pdftex.def
File: l3backend-pdftex.def 2023-01-16 L3 backend support: PDF output (pdfTeX)
\l__color_backend_stack_int=\count301
\l__pdf_internal_box=\box62
)
No file BEX2223.aux.
\openout1 = `BEX2223.aux'.

LaTeX Font Info:    Checking defaults for OML/cmm/m/it on input line 87.
LaTeX Font Info:    ... okay on input line 87.
LaTeX Font Info:    Checking defaults for OMS/cmsy/m/n on input line 87.
LaTeX Font Info:    ... okay on input line 87.
LaTeX Font Info:    Checking defaults for OT1/cmr/m/n on input line 87.
LaTeX Font Info:    ... okay on input line 87.
LaTeX Font Info:    Checking defaults for T1/cmr/m/n on input line 87.
LaTeX Font Info:    ... okay on input line 87.
LaTeX Font Info:    Checking defaults for TS1/cmr/m/n on input line 87.
LaTeX Font Info:    ... okay on input line 87.
LaTeX Font Info:    Checking defaults for OMX/cmex/m/n on input line 87.
LaTeX Font Info:    ... okay on input line 87.
LaTeX Font Info:    Checking defaults for U/cmr/m/n on input line 87.
LaTeX Font Info:    ... okay on input line 87.
LaTeX Font Info:    Checking defaults for PD1/pdf/m/n on input line 87.
LaTeX Font Info:    ... okay on input line 87.
LaTeX Font Info:    Checking defaults for PU/pdf/m/n on input line 87.
LaTeX Font Info:    ... okay on input line 87.
LaTeX Info: Redefining \microtypecontext on input line 87.
Package microtype Info: Applying patch `item' on input line 87.
Package microtype Info: Applying patch `toc' on input line 87.
Package microtype Info: Applying patch `eqnum' on input line 87.
Package microtype Info: Applying patch `footnote' on input line 87.
Package microtype Info: Applying patch `verbatim' on input line 87.
Package microtype Info: Generating PDF output.
Package microtype Info: Character protrusion enabled (level 2).
Package microtype Info: Using protrusion set `basicmath'.
Package microtype Info: Automatic font expansion enabled (level 2),
(microtype)             stretch: 20, shrink: 20, step: 1, non-selected.
Package microtype Info: Using default expansion set `alltext-nott'.
LaTeX Info: Redefining \showhyphens on input line 87.
Package microtype Info: No adjustment of tracking.
Package microtype Info: No adjustment of interword spacing.
Package microtype Info: No adjustment of character kerning.
(/usr/local/texlive/2023/texmf-dist/tex/latex/microtype/mt-cmr.cfg
File: mt-cmr.cfg 2013/05/19 v2.2 microtype config. file: Computer Modern Roman 
(RS)
) (/usr/local/texlive/2023/texmf-dist/tex/context/base/mkii/supp-pdf.mkii
[Loading MPS to PDF converter (version 2006.09.02).]
\scratchcounter=\count302
\scratchdimen=\dimen184
\scratchbox=\box63
\nofMPsegments=\count303
\nofMParguments=\count304
\everyMPshowfont=\toks30
\MPscratchCnt=\count305
\MPscratchDim=\dimen185
\MPnumerator=\count306
\makeMPintoPDFobject=\count307
\everyMPtoPDFconversion=\toks31
) (/usr/local/texlive/2023/texmf-dist/tex/latex/epstopdf-pkg/epstopdf-base.sty
Package: epstopdf-base 2020-01-24 v2.11 Base part for package epstopdf
Package epstopdf-base Info: Redefining graphics rule for `.eps' on input line 4
85.
(/usr/local/texlive/2023/texmf-dist/tex/latex/latexconfig/epstopdf-sys.cfg
File: epstopdf-sys.cfg 2010/07/13 v1.3 Configuration of (r)epstopdf for TeX Liv
e
))
Package hyperref Info: Link coloring OFF on input line 87.
*geometry* driver: auto-detecting
*geometry* detected driver: pdftex
*geometry* verbose mode - [ preamble ] result:
* driver: pdftex
* paper: <default>
* layout: <same size as paper>
* layoutoffset:(h,v)=(0.0pt,0.0pt)
* modes: 
* h-part:(L,W,R)=(72.26999pt, 469.75502pt, 72.26999pt)
* v-part:(T,H,B)=(72.26999pt, 650.43001pt, 72.26999pt)
* \paperwidth=614.295pt
* \paperheight=794.96999pt
* \textwidth=469.75502pt
* \textheight=650.43001pt
* \oddsidemargin=0.0pt
* \evensidemargin=0.0pt
* \topmargin=-37.0pt
* \headheight=12.0pt
* \headsep=25.0pt
* \topskip=10.0pt
* \footskip=30.0pt
* \marginparwidth=65.0pt
* \marginparsep=11.0pt
* \columnsep=10.0pt
* \skip\footins=9.0pt plus 4.0pt minus 2.0pt
* \hoffset=0.0pt
* \voffset=0.0pt
* \mag=1000
* \@twocolumnfalse
* \@twosidefalse
* \@mparswitchfalse
* \@reversemarginfalse
* (1in=72.27pt=25.4mm, 1cm=28.453pt)

LaTeX Font Info:    Trying to load font information for OT1+lmr on input line 8
9.
(/usr/local/texlive/2023/texmf-dist/tex/latex/lm/ot1lmr.fd
File: ot1lmr.fd 2015/05/01 v1.6.1 Font defs for Latin Modern
)
LaTeX Font Info:    Trying to load font information for OML+lmm on input line 8
9.
(/usr/local/texlive/2023/texmf-dist/tex/latex/lm/omllmm.fd
File: omllmm.fd 2015/05/01 v1.6.1 Font defs for Latin Modern
)
LaTeX Font Info:    Trying to load font information for OMS+lmsy on input line 
89.
(/usr/local/texlive/2023/texmf-dist/tex/latex/lm/omslmsy.fd
File: omslmsy.fd 2015/05/01 v1.6.1 Font defs for Latin Modern
)
LaTeX Font Info:    Trying to load font information for OMX+lmex on input line 
89.
(/usr/local/texlive/2023/texmf-dist/tex/latex/lm/omxlmex.fd
File: omxlmex.fd 2015/05/01 v1.6.1 Font defs for Latin Modern
)
LaTeX Font Info:    External font `lmex10' loaded for size
(Font)              <12> on input line 89.
LaTeX Font Info:    External font `lmex10' loaded for size
(Font)              <8> on input line 89.
LaTeX Font Info:    External font `lmex10' loaded for size
(Font)              <6> on input line 89.
LaTeX Font Info:    Trying to load font information for U+msa on input line 89.

(/usr/local/texlive/2023/texmf-dist/tex/latex/amsfonts/umsa.fd
File: umsa.fd 2013/01/14 v3.01 AMS symbols A
) (/usr/local/texlive/2023/texmf-dist/tex/latex/microtype/mt-msa.cfg
File: mt-msa.cfg 2006/02/04 v1.1 microtype config. file: AMS symbols (a) (RS)
)
LaTeX Font Info:    Trying to load font information for U+msb on input line 89.

(/usr/local/texlive/2023/texmf-dist/tex/latex/amsfonts/umsb.fd
File: umsb.fd 2013/01/14 v3.01 AMS symbols B
) (/usr/local/texlive/2023/texmf-dist/tex/latex/microtype/mt-msb.cfg
File: mt-msb.cfg 2005/06/01 v1.0 microtype config. file: AMS symbols (b) (RS)
)
No file BEX2223.toc.
\tf@toc=\write3
\openout3 = `BEX2223.toc'.

LaTeX Font Info:    Trying to load font information for TS1+lmr on input line 1
06.
(/usr/local/texlive/2023/texmf-dist/tex/latex/lm/ts1lmr.fd
File: ts1lmr.fd 2015/05/01 v1.6.1 Font defs for Latin Modern
)
LaTeX Font Info:    Trying to load font information for T1+lmtt on input line 1
30.
(/usr/local/texlive/2023/texmf-dist/tex/latex/lm/t1lmtt.fd
File: t1lmtt.fd 2015/05/01 v1.6.1 Font defs for Latin Modern
)
LaTeX Font Info:    Trying to load font information for TS1+lmtt on input line 
157.
(/usr/local/texlive/2023/texmf-dist/tex/latex/lm/ts1lmtt.fd
File: ts1lmtt.fd 2015/05/01 v1.6.1 Font defs for Latin Modern
) [1

{/usr/local/texlive/2023/texmf-var/fonts/map/pdftex/updmap/pdftex.map}{/usr/loc
al/texlive/2023/texmf-dist/fonts/enc/dvips/lm/lm-ec.enc}{/usr/local/texlive/202
3/texmf-dist/fonts/enc/dvips/lm/lm-ts1.enc}] [2] [3]
LaTeX Font Info:    External font `lmex10' loaded for size
(Font)              <10> on input line 505.
LaTeX Font Info:    External font `lmex10' loaded for size
(Font)              <7> on input line 505.
LaTeX Font Info:    External font `lmex10' loaded for size
(Font)              <5> on input line 505.
[4{/usr/local/texlive/2023/texmf-dist/fonts/enc/dvips/lm/lm-mathsy.enc}{/usr/lo
cal/texlive/2023/texmf-dist/fonts/enc/dvips/lm/lm-rm.enc}] [5] [6]

Package longtable Warning: Column widths have changed
(longtable)                in table 1 on input line 743.


Package longtable Warning: Column widths have changed
(longtable)                in table 2 on input line 760.

[7] [8]
Overfull \hbox (1892.73811pt too wide) in paragraph at lines 977--977
[]\T1/lmtt/m/n/10 ## Rows with NA values in DyadDistance column: 24, 27, 95, 49
2, 744, 971, 1113, 1130, 1164, 1261, 1341, 1396, 1491, 1583, 1683, 1693, 1717, 
1718, 1719, 1724, 1725, 1739, 1755, 1756, 1757, 1764, 1779, 1782, 1792, 1799, 1
800, 1840, 1841, 1868, 1869, 1888, 1891, 1892, 1896, 1911, 1912, 1915, 1918, 19
19, 1952, 1953, 1958, 1980, 1981, 1984, 1986, 1996, 2000, 2009, 2054, 2104, 210
5, 2191, 2233, 2234, 2287, 2437, 2569, 2579, 2580, 2643, 2676, 2709, 2729[] 
 []


Underfull \hbox (badness 10000) in paragraph at lines 1019--1023

 []

[9] [10] [11] [12]
Overfull \hbox (1252.23997pt too wide) in paragraph at lines 1369--1369
[]\T1/lmtt/m/n/10 ## Row numbers with missing values in FemaleID:  865 866 867 
868 869 870 871 872 873 874 875 876 877 878 879 1693 1694 1695 1696 1697 1698 1
699 1700 1701 1702 1703 1704 1705 1706 1707 1708 1709 1710 1808 1809 1810 1811 
1812 1813 1814 1815 1816 1817 1818 1819 1820 1884 1885 2619 2620 2621 2622 2623
 2624 2625 2626 2627 2628 2629[] 
 []


Overfull \hbox (244.2429pt too wide) in paragraph at lines 1377--1377
[]\T1/lmtt/m/n/10 ## Row numbers with missing values in MaleID:  1693 1694 1695
 1696 1697 1698 1699 1700 1701 1702 1703 1704 1705 1706 1707 1708 1709 1710[] 
 []


Overfull \hbox (427.99237pt too wide) in paragraph at lines 1389--1389
[]\T1/lmtt/m/n/10 ## Row numbers with missing values in both FemaleID and MaleI
D:  1693, 1694, 1695, 1696, 1697, 1698, 1699, 1700, 1701, 1702, 1703, 1704, 170
5, 1706, 1707, 1708, 1709, 1710[] 
 []


Overfull \hbox (1063.24052pt too wide) in paragraph at lines 1397--1397
[]\T1/lmtt/m/n/10 ## Row numbers with missing values in FemaleID not in MaleID:
  865, 866, 867, 868, 869, 870, 871, 872, 873, 874, 875, 876, 877, 878, 879, 18
08, 1809, 1810, 1811, 1812, 1813, 1814, 1815, 1816, 1817, 1818, 1819, 1820, 188
4, 1885, 2619, 2620, 2621, 2622, 2623, 2624, 2625, 2626, 2627, 2628, 2629[] 
 []

[13] [14] [15]
<BEX2223_files/figure-latex/Remarks Exploration-1.pdf, id=215, 464.73625pt x 31
5.1775pt>
File: BEX2223_files/figure-latex/Remarks Exploration-1.pdf Graphic file (type p
df)
<use BEX2223_files/figure-latex/Remarks Exploration-1.pdf>
Package pdftex.def Info: BEX2223_files/figure-latex/Remarks Exploration-1.pdf  
used on input line 1664.
(pdftex.def)             Requested size: 464.74928pt x 315.18634pt.
[16 <./BEX2223_files/figure-latex/Remarks Exploration-1.pdf>]
Overfull \hbox (34.24352pt too wide) in paragraph at lines 1709--1709
[]\T1/lmtt/m/n/10 ## [1] "/Users/maki/Desktop/Master Thesis/BEX 2223 Master The
sis Maung Kyaw/IVPToleranceBex2223"[] 
 []


Overfull \hbox (15.28313pt too wide) in paragraph at lines 1760--1804
[]\T1/lmr/m/n/10 (-20) b.SpecialBehaviour \T1/lmr/bx/n/10 (-20) Oerw;Vo;Exp\T1/
lmr/m/n/10 (-20) , \T1/lmr/bx/n/10 (-20) Sey;Ap;AfterOpen\T1/lmr/m/n/10 (-20) ,
 \T1/lmr/bx/n/10 (-20) Oerw;Vo;Exp,Nge;Vo;Exp\T1/lmr/m/n/10 (-20) , \T1/lmr/bx/
n/10 (-20) Sirk;ApAfter30\T1/lmr/m/n/10 (-20) ,
 []


Underfull \hbox (badness 2351) in paragraph at lines 1760--1804
\T1/lmr/bx/n/10 (+20) Sirk;Av;Oerw\T1/lmr/m/n/10 (+20) , \T1/lmr/bx/n/10 (+20) 
Oerw;Lo\T1/lmr/m/n/10 (+20) ,\T1/lmr/bx/n/10 (+20) Sey;Sf;Oort,Oort;At;Kom\T1/l
mr/m/n/10 (+20) , \T1/lmr/bx/n/10 (+20) Kom;Ap;AfterOpen\T1/lmr/m/n/10 (+20) , 
\T1/lmr/bx/n/10 (+20) Sey;Ch,Sirk\T1/lmr/m/n/10 (+20) ,
 []


Overfull \hbox (1.53345pt too wide) in paragraph at lines 1760--1804
\T1/lmr/bx/n/10 (-20) Xin;Hesitation\T1/lmr/m/n/10 (-20) . \T1/lmr/bx/n/10 (-20
) Xia;Sf;Piep\T1/lmr/m/n/10 (-20) , \T1/lmr/bx/n/10 (-20) Pom;Sf;Xian\T1/lmr/m/
n/10 (-20) ,\T1/lmr/bx/n/10 (-20) Kom;Sf;Oort\T1/lmr/m/n/10 (-20) , \T1/lmr/bx/
n/10 (-20) Sey;Sf;Sirk\T1/lmr/m/n/10 (-20) , \T1/lmr/bx/n/10 (-20) Xia;Sf;Piep,
Piep;Sf,XIa\T1/lmr/m/n/10 (-20) ,
 []


Underfull \hbox (badness 10000) in paragraph at lines 1760--1804
\T1/lmr/bx/n/10 (+20) Oort;At;Kom\T1/lmr/m/n/10 (+20) , \T1/lmr/bx/n/10 (+20) S
ey;Rt;Sho;Ap\T1/lmr/m/n/10 (+20) , \T1/lmr/bx/n/10 (+20) Sho;Rt;Ginq;Ap\T1/lmr/
m/n/10 (+20) , \T1/lmr/bx/n/10 (+20) Buk;Sf;Ndaw\T1/lmr/m/n/10 (+20) , \T1/lmr/
bx/n/10 (+20) Sho;Rt;Ndaw;Ap\T1/lmr/m/n/10 (+20) ,
 []


Overfull \hbox (23.68913pt too wide) in paragraph at lines 1760--1804
\T1/lmr/bx/n/10 (-20) Xia;Piep;Ap;After30\T1/lmr/m/n/10 (-20) , \T1/lmr/bx/n/10
 (-20) Pom;Bi;Xian\T1/lmr/m/n/10 (-20) , \T1/lmr/bx/n/10 (-20) Sho;Ndaw;Av;Buk\
T1/lmr/m/n/10 (-20) , \T1/lmr/bx/n/10 (-20) Kom;Sf;Oort\T1/lmr/m/n/10 (-20) , \
T1/lmr/bx/n/10 (-20) Kom;St;Oort,Oort;St;Kom\T1/lmr/m/n/10 (-20) ,
 []


Underfull \hbox (badness 10000) in paragraph at lines 1760--1804
\T1/lmr/bx/n/10 (+20) Sey;Hi;Sirk\T1/lmr/m/n/10 (+20) , \T1/lmr/bx/n/10 (+20) O
bse;Ap;Piep;Av\T1/lmr/m/n/10 (+20) ,\T1/lmr/bx/n/10 (+20) Piep;Sf;Xia\T1/lmr/m/
n/10 (+20) , \T1/lmr/bx/n/10 (+20) Sirk;ApWhenPartnerLeft\T1/lmr/m/n/10 (+20) ,
 \T1/lmr/bx/n/10 (+20) Sey;Hh;Sirk\T1/lmr/m/n/10 (+20) ,
 []


Underfull \hbox (badness 10000) in paragraph at lines 1760--1804
\T1/lmr/bx/n/10 (+20) Pom;Sf;Xian\T1/lmr/m/n/10 (+20) , \T1/lmr/bx/n/10 (+20) N
daw;ApWhenPartnerLeft\T1/lmr/m/n/10 (+20) , \T1/lmr/bx/n/10 (+20) Xian;At;Pom,G
aya;Su\T1/lmr/m/n/10 (+20) , \T1/lmr/bx/n/10 (+20) Xian;Sf;Pom\T1/lmr/m/n/10 (+
20) ,
 []


Overfull \hbox (4.64256pt too wide) in paragraph at lines 1760--1804
\T1/lmr/bx/n/10 (-20) Xian;Hesitation\T1/lmr/m/n/10 (-20) , \T1/lmr/bx/n/10 (-2
0) Xia;ApWhenPartnerLeft\T1/lmr/m/n/10 (-20) ,\T1/lmr/bx/n/10 (-20) Sirk;Hesita
tion\T1/lmr/m/n/10 (-20) , \T1/lmr/bx/n/10 (-20) Ginq;Hesitation\T1/lmr/m/n/10 
(-20) , \T1/lmr/bx/n/10 (-20) Sey;Ap;Kom;Av\T1/lmr/m/n/10 (-20) ,
 []


Underfull \hbox (badness 3557) in paragraph at lines 1760--1804
\T1/lmr/bx/n/10 (+20) Oort;Sc;Kom\T1/lmr/m/n/10 (+20) , \T1/lmr/bx/n/10 (+20) X
ian; Pom\T1/lmr/m/n/10 (+20) , \T1/lmr/bx/n/10 (+20) Pom;Ap;Xian\T1/lmr/m/n/10 
(+20) , \T1/lmr/bx/n/10 (+20) Pom;Ap;Xian,Xian;Rt\T1/lmr/m/n/10 (+20) , \T1/lmr
/bx/n/10 (+20) Sey;Ap;Sirk;Rt\T1/lmr/m/n/10 (+20) ,
 []


Overfull \hbox (39.64249pt too wide) in paragraph at lines 1760--1804
\T1/lmr/bx/n/10 (-20) Sey;St;Sirk;Ig\T1/lmr/m/n/10 (-20) , \T1/lmr/bx/n/10 (-20
) Xia;Asf;Piep\T1/lmr/m/n/10 (-20) , \T1/lmr/bx/n/10 (-20) Piep;ApWhenPartnerLe
ft\T1/lmr/m/n/10 (-20) , \T1/lmr/bx/n/10 (-20) Sho;Ap;After30\T1/lmr/m/n/10 (-2
0) , \T1/lmr/bx/n/10 (-20) Ginq;ApWhenPartnerLeft\T1/lmr/m/n/10 (-20) ,
 []


Overfull \hbox (9.76532pt too wide) in paragraph at lines 1760--1804
\T1/lmr/bx/n/10 (-20) Pom;Sf;Xian;Sf;Pom\T1/lmr/m/n/10 (-20) , \T1/lmr/bx/n/10 
(-20) Xian;ApWhenPartnerLeft\T1/lmr/m/n/10 (-20) , \T1/lmr/bx/n/10 (-20) Piep;C
h;Sirk\T1/lmr/m/n/10 (-20) , \T1/lmr/bx/n/10 (-20) Sey;St;Sirk\T1/lmr/m/n/10 (-
20) , \T1/lmr/bx/n/10 (-20) Ndaw;Ap;After30\T1/lmr/m/n/10 (-20) ,
 []


Overfull \hbox (16.66362pt too wide) in paragraph at lines 1760--1804
\T1/lmr/bx/n/10 (-20) Xian;Ap;After30\T1/lmr/m/n/10 (-20) , \T1/lmr/bx/n/10 (-2
0) Xian;St;Prai\T1/lmr/m/n/10 (-20) , \T1/lmr/bx/n/10 (-20) Pom;Sf;Xian;Vc\T1/l
mr/m/n/10 (-20) , \T1/lmr/bx/n/10 (-20) Kom;Ap;After30\T1/lmr/m/n/10 (-20) , \T
1/lmr/bx/n/10 (-20) Kom;ApproachWithPartner\T1/lmr/m/n/10 (-20) ,
 []


Underfull \hbox (badness 4886) in paragraph at lines 1760--1804
\T1/lmr/bx/n/10 (+20) Ndaw;Hesitation\T1/lmr/m/n/10 (+20) , \T1/lmr/bx/n/10 (+2
0) Oerw;Hesitation\T1/lmr/m/n/10 (+20) , \T1/lmr/bx/n/10 (+20) Oerw;ApWhenPartn
erLeft\T1/lmr/m/n/10 (+20) . \T1/lmr/bx/n/10 (+20) Piep;Ap;After30\T1/lmr/m/n/1
0 (+20) ,
 []

[17] [18]

Package longtable Warning: Column widths have changed
(longtable)                in table 3 on input line 2029.

[19]
Overfull \hbox (133.99323pt too wide) in paragraph at lines 2043--2043
[]\T1/lmtt/m/n/10 ## Unique Dyads: Sey Sirk Sho Ginq Xia Piep Nge Oerw Xin Ouli
 Buk Ndaw Buk Ginq Kom Oort Pom Xian Pom Guat Xin Oort[] 
 []


Package longtable Warning: Column widths have changed
(longtable)                in table 4 on input line 2062.


Underfull \hbox (badness 10000) in paragraph at lines 2105--2107

 []


Underfull \hbox (badness 10000) in paragraph at lines 2107--2109

 []


Underfull \hbox (badness 10000) in paragraph at lines 2109--2111

 []


Underfull \hbox (badness 10000) in paragraph at lines 2111--2113

 []


Underfull \hbox (badness 10000) in paragraph at lines 2113--2115

 []

[20]
Underfull \hbox (badness 10000) in paragraph at lines 2115--2117

 []


Underfull \hbox (badness 10000) in paragraph at lines 2117--2119

 []


Underfull \hbox (badness 10000) in paragraph at lines 2119--2121

 []

[21]
Overfull \hbox (128.74324pt too wide) in paragraph at lines 2233--2233
[]\T1/lmtt/m/n/10 ## Unique Dyads after correction: Sey Sirk Sho Ginq Xia Piep 
Nge Oerw Xin Ouli Buk Ndaw Kom Oort Pom Xian Pom Guat[] 
 []


Package longtable Warning: Column widths have changed
(longtable)                in table 5 on input line 2250.

[22]

Package longtable Warning: Column widths have changed
(longtable)                in table 6 on input line 2360.

<BEX2223_files/figure-latex/Dyad and Day Summary-1.pdf, id=285, 459.7175pt x 30
9.155pt>
File: BEX2223_files/figure-latex/Dyad and Day Summary-1.pdf Graphic file (type 
pdf)
<use BEX2223_files/figure-latex/Dyad and Day Summary-1.pdf>
Package pdftex.def Info: BEX2223_files/figure-latex/Dyad and Day Summary-1.pdf 
 used on input line 2362.
(pdftex.def)             Requested size: 459.74442pt x 309.1731pt.
<BEX2223_files/figure-latex/Dyad and Day Summary-2.pdf, id=286, 459.7175pt x 30
9.155pt>
File: BEX2223_files/figure-latex/Dyad and Day Summary-2.pdf Graphic file (type 
pdf)
<use BEX2223_files/figure-latex/Dyad and Day Summary-2.pdf>
Package pdftex.def Info: BEX2223_files/figure-latex/Dyad and Day Summary-2.pdf 
 used on input line 2363.
(pdftex.def)             Requested size: 459.74442pt x 309.1731pt.

Underfull \hbox (badness 10000) in paragraph at lines 2362--2364
[][]
 []

[23 <./BEX2223_files/figure-latex/Dyad and Day Summary-1.pdf>]
<BEX2223_files/figure-latex/PlacementMaleFemale Plot-1.pdf, id=300, 459.7175pt 
x 312.16624pt>
File: BEX2223_files/figure-latex/PlacementMaleFemale Plot-1.pdf Graphic file (t
ype pdf)
<use BEX2223_files/figure-latex/PlacementMaleFemale Plot-1.pdf>
Package pdftex.def Info: BEX2223_files/figure-latex/PlacementMaleFemale Plot-1.
pdf  used on input line 2406.
(pdftex.def)             Requested size: 459.72337pt x 312.17024pt.
<BEX2223_files/figure-latex/PlacementMaleFemale Plot-2.pdf, id=301, 459.7175pt 
x 312.16624pt>
File: BEX2223_files/figure-latex/PlacementMaleFemale Plot-2.pdf Graphic file (t
ype pdf)
<use BEX2223_files/figure-latex/PlacementMaleFemale Plot-2.pdf>
Package pdftex.def Info: BEX2223_files/figure-latex/PlacementMaleFemale Plot-2.
pdf  used on input line 2407.
(pdftex.def)             Requested size: 459.72337pt x 312.17024pt.

Underfull \hbox (badness 10000) in paragraph at lines 2406--2408
[][]
 []

[24 <./BEX2223_files/figure-latex/Dyad and Day Summary-2.pdf>] [25 <./BEX2223_f
iles/figure-latex/PlacementMaleFemale Plot-1.pdf> <./BEX2223_files/figure-latex
/PlacementMaleFemale Plot-2.pdf>]
<BEX2223_files/figure-latex/DyadDistance Frequency Plot-1.pdf, id=336, 464.7362
5pt x 315.1775pt>
File: BEX2223_files/figure-latex/DyadDistance Frequency Plot-1.pdf Graphic file
 (type pdf)
<use BEX2223_files/figure-latex/DyadDistance Frequency Plot-1.pdf>
Package pdftex.def Info: BEX2223_files/figure-latex/DyadDistance Frequency Plot
-1.pdf  used on input line 2458.
(pdftex.def)             Requested size: 464.74928pt x 315.18634pt.
[26 <./BEX2223_files/figure-latex/DyadDistance Frequency Plot-1.pdf>]
<BEX2223_files/figure-latex/Proximity plot-1.pdf, id=350, 459.7175pt x 315.1775
pt>
File: BEX2223_files/figure-latex/Proximity plot-1.pdf Graphic file (type pdf)
<use BEX2223_files/figure-latex/Proximity plot-1.pdf>
Package pdftex.def Info: BEX2223_files/figure-latex/Proximity plot-1.pdf  used 
on input line 2482.
(pdftex.def)             Requested size: 459.74442pt x 315.19595pt.
[27 <./BEX2223_files/figure-latex/Proximity plot-1.pdf>]
<BEX2223_files/figure-latex/DyadResponse unique and multiple combinations and f
requencies and plots-1.pdf, id=376, 459.7175pt x 315.1775pt>
File: BEX2223_files/figure-latex/DyadResponse unique and multiple combinations 
and frequencies and plots-1.pdf Graphic file (type pdf)
<use BEX2223_files/figure-latex/DyadResponse unique and multiple combinations a
nd frequencies and plots-1.pdf>
Package pdftex.def Info: BEX2223_files/figure-latex/DyadResponse unique and mul
tiple combinations and frequencies and plots-1.pdf  used on input line 2594.
(pdftex.def)             Requested size: 459.74442pt x 315.19595pt.
[28] [29 <./BEX2223_files/figure-latex/DyadResponse unique and multiple combina
tions and frequencies and plots-1.pdf>]
<BEX2223_files/figure-latex/DyadResponse unique and multiple combinations and f
requencies and plots-2.pdf, id=395, 464.73625pt x 315.1775pt>
File: BEX2223_files/figure-latex/DyadResponse unique and multiple combinations 
and frequencies and plots-2.pdf Graphic file (type pdf)
<use BEX2223_files/figure-latex/DyadResponse unique and multiple combinations a
nd frequencies and plots-2.pdf>
Package pdftex.def Info: BEX2223_files/figure-latex/DyadResponse unique and mul
tiple combinations and frequencies and plots-2.pdf  used on input line 2635.
(pdftex.def)             Requested size: 464.74928pt x 315.18634pt.
[30 <./BEX2223_files/figure-latex/DyadResponse unique and multiple combinations
 and frequencies and plots-2.pdf>]
Overfull \hbox (6302.7253pt too wide) in paragraph at lines 2676--2676
[]\T1/lmtt/m/n/10 ## Rows with multiple entries in DyadResponse:  3 4 13 53 58 
64 68 71 72 84 88 89 97 98 113 133 137 192 194 244 275 277 278 284 289 298 302 
304 318 322 326 327 328 331 341 346 347 367 368 387 388 391 397 409 454 468 469
 482 497 510 511 522 529 536 597 600 626 629 687 696 706 711 713 726 740 748 74
9 757 760 761 763 768 769 780 786 818 829 841 843 845 861 866 877 888 892 898 9
12 919 934 937 938 954 955 962 973 997 1004 1015 1027 1042 1048 1060 1104 1141 
1143 1164 1165 1190 1209 1213 1217 1225 1229 1236 1240 1243 1245 1247 1254 1267
 1271 1284 1288 1293 1308 1310 1311 1326 1327 1330 1336 1342 1344 1353 1378 139
8 1399 1407 1416 1461 1464 1473 1478 1484 1488 1489 1495 1510 1520 1521 1528 15
58 1595 1598 1602 1607 1616 1629 1630 1633 1636 1639 1642 1645 1654 1658 1679 1
708 1714 1718 1724 1741 1750 1752 1784 1785 1788 1795 1800 1801 1802 1804 1805 
1806 1807 1808 1815 1816 1819 1820 1821 1822 1824 1825 1828 1829 1830 1831 1832
 1837 1843 1856 1857 1858 1889 1897 1968 1984 2023 2066 2088 2090 2091 2100 210
1 2102 2103 2104 2105 2109 2112 2113 2147 2148 2149 2152 2153 2166 2175 2184 21
85 2192 2193 2194 2199 2201 2202 2205 2218 2226 2237 2248 2257 2290 2294 2343 2
353 2354 2359 2360 2362 2363 2370 2388 2395 2396 2400 2465 2466 2467 2493 2534 
2601 2609 2626 2629 2630 2643 2651 2657 2730[] 
 []

[31]
<BEX2223_files/figure-latex/Dyad Response Unique-1.pdf, id=412, 459.7175pt x 31
5.1775pt>
File: BEX2223_files/figure-latex/Dyad Response Unique-1.pdf Graphic file (type 
pdf)
<use BEX2223_files/figure-latex/Dyad Response Unique-1.pdf>
Package pdftex.def Info: BEX2223_files/figure-latex/Dyad Response Unique-1.pdf 
 used on input line 2723.
(pdftex.def)             Requested size: 459.74442pt x 315.19595pt.
[32 <./BEX2223_files/figure-latex/Dyad Response Unique-1.pdf>] [33]
Overfull \hbox (18.49356pt too wide) in paragraph at lines 2915--2915
[]\T1/lmtt/m/n/10 ## Number of combinations with \TS1/lmtt/m/n/10 '\T1/lmtt/m/n
/10 Other\TS1/lmtt/m/n/10 ' \T1/lmtt/m/n/10 in DyadResponse and \TS1/lmtt/m/n/1
0 '\T1/lmtt/m/n/10 No Response\TS1/lmtt/m/n/10 ' \T1/lmtt/m/n/10 in OtherRespon
se:  5[] 
 []

[34] [35]

Package longtable Warning: Column widths have changed
(longtable)                in table 8 on input line 3262.


Overfull \hbox (49.99347pt too wide) in paragraph at lines 3267--3267
[]\T1/lmtt/m/n/10 ## Warning in RColorBrewer::brewer.pal(n, pal): n too large, 
allowed maximum for palette Set3 is 12[] 
 []

<BEX2223_files/figure-latex/check and state of dyadresponse-1.pdf, id=447, 453.
695pt x 320.19624pt>
File: BEX2223_files/figure-latex/check and state of dyadresponse-1.pdf Graphic 
file (type pdf)
<use BEX2223_files/figure-latex/check and state of dyadresponse-1.pdf>
Package pdftex.def Info: BEX2223_files/figure-latex/check and state of dyadresp
onse-1.pdf  used on input line 3269.
(pdftex.def)             Requested size: 453.6939pt x 320.19545pt.
[36]

Package longtable Warning: Column widths have changed
(longtable)                in table 9 on input line 3290.

<BEX2223_files/figure-latex/check and state of dyadresponse-2.pdf, id=453, 464.
73625pt x 315.1775pt>
File: BEX2223_files/figure-latex/check and state of dyadresponse-2.pdf Graphic 
file (type pdf)
<use BEX2223_files/figure-latex/check and state of dyadresponse-2.pdf>
Package pdftex.def Info: BEX2223_files/figure-latex/check and state of dyadresp
onse-2.pdf  used on input line 3292.
(pdftex.def)             Requested size: 464.74928pt x 315.18634pt.
[37 <./BEX2223_files/figure-latex/check and state of dyadresponse-1.pdf>]
Overfull \hbox (2.7436pt too wide) in paragraph at lines 3351--3351
[]\T1/lmtt/m/n/10 ##  $ Time                  : chr [1:2719] "08:18:23" "08:37:
12" "08:37:58" "08:16:30" ...[] 
 []


Overfull \hbox (44.74348pt too wide) in paragraph at lines 3351--3351
[]\T1/lmtt/m/n/10 ##  $ Date                  : chr [1:2719] "2022-09-29" "2022
-09-29" "2022-09-29" "2022-10-04" ...[] 
 []


Overfull \hbox (23.74355pt too wide) in paragraph at lines 3351--3351
[]\T1/lmtt/m/n/10 ##  $ DyadResponse          : chr [1:2719] "Tolerance" "Toler
ance" "Intrusion" "Intrusion" ...[] 
 []


Overfull \hbox (65.74342pt too wide) in paragraph at lines 3351--3351
[]\T1/lmtt/m/n/10 ##  $ OtherResponse         : chr [1:2719] "No Response" "No 
Response" "No Response" "No Response" ...[] 
 []


Overfull \hbox (97.24333pt too wide) in paragraph at lines 3351--3351
[]\T1/lmtt/m/n/10 ##  $ Audience              : chr [1:2719] "Ginq; Gubh" "Ginq
; Gubh" "Ginq; Gubh" "Ghid; Gil; Ginq; Gom" ...[] 
 []


Overfull \hbox (34.24352pt too wide) in paragraph at lines 3351--3351
[]\T1/lmtt/m/n/10 ##  $ IDIndividual1         : chr [1:2719] "No individual" "N
o individual" "Buk; Ndaw" "Buk" ...[] 
 []


Overfull \hbox (34.24352pt too wide) in paragraph at lines 3351--3351
[]\T1/lmtt/m/n/10 ##  $ IntruderID            : chr [1:2719] "No Intrusion" "No
 Intrusion" "Ginq; Gubh" "Ginq" ...[] 
 []


Overfull \hbox (13.24358pt too wide) in paragraph at lines 3351--3351
[]\T1/lmtt/m/n/10 ##  $ Remarks               : chr [1:2719] "No Remarks" "No R
emarks" "Treated" "Treated" ...[] 
 []


Overfull \hbox (23.74355pt too wide) in paragraph at lines 3351--3351
[]\T1/lmtt/m/n/10 ##  $ Context               : chr [1:2719] "NoContext" "NoCon
text" "NoContext" "NoContext" ...[] 
 []

[38 <./BEX2223_files/figure-latex/check and state of dyadresponse-2.pdf>]
Overfull \hbox (212.743pt too wide) in paragraph at lines 3351--3351
[]\T1/lmtt/m/n/10 ##  $ SpecialBehaviour      : chr [1:2719] "NoSpecialBehaviou
r" "NoSpecialBehaviour" "NoSpecialBehaviour" "NoSpecialBehaviour" ...[] 
 []


Overfull \hbox (2.7436pt too wide) in paragraph at lines 3351--3351
[]\T1/lmtt/m/n/10 ##  $ Hour                  : chr [1:2719] "08:00:00" "08:00:
00" "08:00:00" "08:00:00" ...[] 
 []


Overfull \hbox (2.7436pt too wide) in paragraph at lines 3351--3351
[]\T1/lmtt/m/n/10 ##  $ Dyad                  : chr [1:2719] "Buk Ndaw" "Buk Nd
aw" "Buk Ndaw" "Buk Ndaw" ...[] 
 []


Overfull \hbox (191.74306pt too wide) in paragraph at lines 3351--3351
[]\T1/lmtt/m/n/10 ##  $ DyadResponse_sorted   : chr [1:2719] "Tolerance" "Toler
ance" "Intrusion;Not approaching" "Intrusion;Losing interest" ...[] 
 []


Overfull \hbox (107.7433pt too wide) in paragraph at lines 3351--3351
[]\T1/lmtt/m/n/10 ##  $ MultipleResponses     : chr [1:2719] "Single Response" 
"Single Response" ">1 Response" ">1 Response" ...[] 
 []

[39]
! Missing endcsname inserted.
<to be read again> 
                   &
l.3426 ...igure-latex/Dyad Distance \& Date-1.pdf}
                                                   
Here is how much of TeX's memory you used:
 14502 strings out of 476025
 234025 string characters out of 5790017
 1886388 words of memory out of 5000000
 34254 multiletter control sequences out of 15000+600000
 567184 words of font info for 172 fonts, out of 8000000 for 9000
 1141 hyphenation exceptions out of 8191
 77i,7n,81p,1304b,744s stack positions out of 10000i,1000n,20000p,200000b,200000s

!  ==> Fatal error occurred, no output PDF file produced!
